[debug] [2022-02-28T06:30:45.586Z] ----------------------------------------------------------------------
[debug] [2022-02-28T06:30:45.590Z] Command:       C:\Program Files\nodejs\node.exe C:\Users\developer\AppData\Roaming\npm\node_modules\firebase-tools\lib\bin\firebase.js init
[debug] [2022-02-28T06:30:45.591Z] CLI Version:   10.2.1
[debug] [2022-02-28T06:30:45.591Z] Platform:      win32
[debug] [2022-02-28T06:30:45.591Z] Node Version:  v14.17.3
[debug] [2022-02-28T06:30:45.593Z] Time:          Mon Feb 28 2022 11:30:45 GMT+0500 (Pakistan Standard Time)
[debug] [2022-02-28T06:30:45.593Z] ----------------------------------------------------------------------
[debug] 
[debug] [2022-02-28T06:30:45.607Z] > command requires scopes: ["email","openid","https://www.googleapis.com/auth/cloudplatformprojects.readonly","https://www.googleapis.com/auth/firebase","https://www.googleapis.com/auth/cloud-platform"]
[debug] [2022-02-28T06:30:45.607Z] > authorizing via signed-in user (ijazchaudhry5244@gmail.com)
[info] 
     ######## #### ########  ######## ########     ###     ######  ########
     ##        ##  ##     ## ##       ##     ##  ##   ##  ##       ##
     ######    ##  ########  ######   ########  #########  ######  ######
     ##        ##  ##    ##  ##       ##     ## ##     ##       ## ##
     ##       #### ##     ## ######## ########  ##     ##  ######  ########

You're about to initialize a Firebase project in this directory:

  E:\project\simevent

[info] 
=== Project Setup
[info] 
[info] First, let's associate this project directory with a Firebase project.
[info] You can create multiple project aliases by running firebase use --add, 
[info] but for now we'll just set up a default project.
[info] 
[debug] [2022-02-28T06:31:13.860Z] >>> [apiv2][query] GET https://firebase.googleapis.com/v1beta1/projects pageSize=100
[debug] [2022-02-28T06:31:14.868Z] <<< [apiv2][status] GET https://firebase.googleapis.com/v1beta1/projects 200
[debug] [2022-02-28T06:31:14.868Z] <<< [apiv2][body] GET https://firebase.googleapis.com/v1beta1/projects [omitted]
[info] i  Using project grabcab-a7a91 (EasyRide) 
[info] 
=== Hosting Setup
[info] 
[info] Your public directory is the folder (relative to your project directory) that
[info] will contain Hosting assets to be uploaded with firebase deploy. If you
[info] have a build process for your assets, use your build's output directory.
[info] 
[info] +  Wrote public/404.html 
[debug] [2022-02-28T06:31:55.590Z] >>> [apiv2][query] GET https://www.gstatic.com/firebasejs/releases.json [none]
[debug] [2022-02-28T06:31:56.117Z] <<< [apiv2][status] GET https://www.gstatic.com/firebasejs/releases.json 200
[debug] [2022-02-28T06:31:56.118Z] <<< [apiv2][body] GET https://www.gstatic.com/firebasejs/releases.json {"current":{"version":"9.6.7","browserURL":"https://www.gstatic.com/firebasejs/9.6.7/firebase.js","packageURL":"https://www.gstatic.com/firebasejs/9.6.7/firebase.tgz"},"live":{"version":"9.6","browserURL":"https://www.gstatic.com/firebasejs/live/9.6/firebase.js","packageURL":"https://www.gstatic.com/firebasejs/live/9.6/firebase.tgz"},"components":{"analytics":"https://www.gstatic.com/firebasejs/9.6.7/firebase-analytics.js","app":"https://www.gstatic.com/firebasejs/9.6.7/firebase-app.js","app-check":"https://www.gstatic.com/firebasejs/9.6.7/firebase-app-check.js","auth":"https://www.gstatic.com/firebasejs/9.6.7/firebase-auth.js","auth/cordova":"https://www.gstatic.com/firebasejs/9.6.7/firebase-auth/cordova.js","auth/react-native":"https://www.gstatic.com/firebasejs/9.6.7/firebase-auth/react-native.js","functions":"https://www.gstatic.com/firebasejs/9.6.7/firebase-functions.js","firestore":"https://www.gstatic.com/firebasejs/9.6.7/firebase-firestore.js","firestore/lite":"https://www.gstatic.com/firebasejs/9.6.7/firebase-firestore/lite.js","storage":"https://www.gstatic.com/firebasejs/9.6.7/firebase-storage.js","performance":"https://www.gstatic.com/firebasejs/9.6.7/firebase-performance.js","remote-config":"https://www.gstatic.com/firebasejs/9.6.7/firebase-remote-config.js","messaging":"https://www.gstatic.com/firebasejs/9.6.7/firebase-messaging.js","messaging/sw":"https://www.gstatic.com/firebasejs/9.6.7/firebase-messaging/sw.js","database":"https://www.gstatic.com/firebasejs/9.6.7/firebase-database.js","firestore.memory":"https://www.gstatic.com/firebasejs/9.6.7/firebase-firestore.memory.js"}}
[info] +  Wrote public/index.html 
[info] 
[info] i  Detected a .git folder at E:\project\simevent 
[info] i  Authorizing with GitHub to upload your service account to a GitHub repository's secrets store. 
[info] 
[info] Visit this URL on this device to log in:
[info] https://github.com/login/oauth/authorize?client_id=89cf50f02ac6aaed3484&state=630630112&redirect_uri=http%3A%2F%2Flocalhost%3A9005&scope=read%3Auser%20repo%20public_repo
[info] 
[info] Waiting for authentication...
[debug] [2022-02-28T06:32:16.816Z] >>> HTTP REQUEST POST https://github.com/login/oauth/access_token  
 {"client_id":"89cf50f02ac6aaed3484","client_secret":"3330d14abc895d9a74d5f17cd7a00711fa2c5bf0","code":"48da8400abccebfb8caa","redirect_uri":"http://localhost:9005","state":"630630112"}
[debug] [2022-02-28T06:32:17.577Z] <<< HTTP RESPONSE 200 {"server":"GitHub.com","date":"Mon, 28 Feb 2022 06:32:59 GMT","content-type":"application/json; charset=utf-8","transfer-encoding":"chunked","vary":"X-PJAX, X-PJAX-Container, Accept-Encoding, Accept, X-Requested-With","permissions-policy":"interest-cohort=()","etag":"W/\"69a16ec67618a79f867dadd5558fadb4\"","cache-control":"max-age=0, private, must-revalidate","strict-transport-security":"max-age=31536000; includeSubdomains; preload","x-frame-options":"deny","x-content-type-options":"nosniff","x-xss-protection":"0","referrer-policy":"origin-when-cross-origin, strict-origin-when-cross-origin","expect-ct":"max-age=2592000, report-uri=\"https://api.github.com/_private/browser/errors\"","content-security-policy":"default-src 'none'; base-uri 'self'; block-all-mixed-content; child-src github.com/assets-cdn/worker/ gist.github.com/assets-cdn/worker/; connect-src 'self' uploads.github.com objects-origin.githubusercontent.com www.githubstatus.com collector.githubapp.com collector.github.com api.github.com github-cloud.s3.amazonaws.com github-production-repository-file-5c1aeb.s3.amazonaws.com github-production-upload-manifest-file-7fdce7.s3.amazonaws.com github-production-user-asset-6210df.s3.amazonaws.com cdn.optimizely.com logx.optimizely.com/v1/events translator.github.com wss://alive.github.com; font-src github.githubassets.com; form-action 'self' github.com gist.github.com objects-origin.githubusercontent.com; frame-ancestors 'none'; frame-src render.githubusercontent.com viewscreen.githubusercontent.com notebooks.githubusercontent.com; img-src 'self' data: github.githubassets.com identicons.github.com collector.githubapp.com collector.github.com github-cloud.s3.amazonaws.com secured-user-images.githubusercontent.com/ *.githubusercontent.com; manifest-src 'self'; media-src github.com user-images.githubusercontent.com/; script-src github.githubassets.com; style-src 'unsafe-inline' github.githubassets.com; worker-src github.com/assets-cdn/worker/ gist.github.com/assets-cdn/worker/","x-github-request-id":"E2C3:7BD9:63C01A:790556:621C6C9B"}
[debug] [2022-02-28T06:32:17.587Z] >>> [apiv2][query] GET https://api.github.com/user [none]
[debug] [2022-02-28T06:32:18.374Z] <<< [apiv2][status] GET https://api.github.com/user 200
[debug] [2022-02-28T06:32:18.374Z] <<< [apiv2][body] GET https://api.github.com/user {"login":"ijaz-sarwar","id":60298450,"node_id":"MDQ6VXNlcjYwMjk4NDUw","avatar_url":"https://avatars.githubusercontent.com/u/60298450?v=4","gravatar_id":"","url":"https://api.github.com/users/ijaz-sarwar","html_url":"https://github.com/ijaz-sarwar","followers_url":"https://api.github.com/users/ijaz-sarwar/followers","following_url":"https://api.github.com/users/ijaz-sarwar/following{/other_user}","gists_url":"https://api.github.com/users/ijaz-sarwar/gists{/gist_id}","starred_url":"https://api.github.com/users/ijaz-sarwar/starred{/owner}{/repo}","subscriptions_url":"https://api.github.com/users/ijaz-sarwar/subscriptions","organizations_url":"https://api.github.com/users/ijaz-sarwar/orgs","repos_url":"https://api.github.com/users/ijaz-sarwar/repos","events_url":"https://api.github.com/users/ijaz-sarwar/events{/privacy}","received_events_url":"https://api.github.com/users/ijaz-sarwar/received_events","type":"User","site_admin":false,"name":"ijaz sarwar","company":"VirtualRecuritmentDays","blog":"","location":"lahore punjab pakistan","email":null,"hireable":null,"bio":null,"twitter_username":null,"public_repos":33,"public_gists":0,"followers":3,"following":3,"created_at":"2020-01-25T18:08:34Z","updated_at":"2021-12-17T12:28:03Z","private_gists":0,"total_private_repos":2,"owned_private_repos":2,"disk_usage":220471,"collaborators":3,"two_factor_authentication":false,"plan":{"name":"free","space":976562499,"collaborators":0,"private_repos":10000}}
[info] 
[info] +  Success! Logged into GitHub as ijaz-sarwar 
[info] 
[debug] [2022-02-28T06:32:28.593Z] >>> [apiv2][query] GET https://api.github.com/repos//actions/secrets/public-key type=owner
[debug] [2022-02-28T06:32:29.095Z] <<< [apiv2][status] GET https://api.github.com/repos//actions/secrets/public-key 404
[debug] [2022-02-28T06:32:29.095Z] <<< [apiv2][body] GET https://api.github.com/repos//actions/secrets/public-key {"message":"Not Found","documentation_url":"https://docs.github.com/rest"}
[debug] [2022-02-28T06:32:55.809Z] >>> [apiv2][query] GET https://api.github.com/repos/repository/actions/secrets/public-key type=owner
[debug] [2022-02-28T06:32:57.723Z] <<< [apiv2][status] GET https://api.github.com/repos/repository/actions/secrets/public-key 404
[debug] [2022-02-28T06:32:57.723Z] <<< [apiv2][body] GET https://api.github.com/repos/repository/actions/secrets/public-key {"message":"Not Found","documentation_url":"https://docs.github.com/rest"}
[debug] [2022-02-28T06:33:20.847Z] >>> [apiv2][query] GET https://api.github.com/repos/user/actions/secrets/public-key type=owner
[debug] [2022-02-28T06:33:21.969Z] <<< [apiv2][status] GET https://api.github.com/repos/user/actions/secrets/public-key 404
[debug] [2022-02-28T06:33:21.969Z] <<< [apiv2][body] GET https://api.github.com/repos/user/actions/secrets/public-key {"message":"Not Found","documentation_url":"https://docs.github.com/rest"}
[debug] [2022-02-28T06:34:16.528Z] >>> [apiv2][query] GET https://api.github.com/repos/https://github.com/ijaz-sarwar/ismevent-api/actions/secrets/public-key type=owner
[debug] [2022-02-28T06:34:17.066Z] <<< [apiv2][status] GET https://api.github.com/repos/https://github.com/ijaz-sarwar/ismevent-api/actions/secrets/public-key 404
[debug] [2022-02-28T06:34:17.066Z] <<< [apiv2][body] GET https://api.github.com/repos/https://github.com/ijaz-sarwar/ismevent-api/actions/secrets/public-key {"message":"Not Found","documentation_url":"https://docs.github.com/rest"}
[debug] [2022-02-28T06:34:19.707Z] >>> [apiv2][query] GET https://api.github.com/repos/https://github.com/ijaz-sarwar/ismevent-api/actions/secrets/public-key type=owner
[debug] [2022-02-28T06:34:20.254Z] <<< [apiv2][status] GET https://api.github.com/repos/https://github.com/ijaz-sarwar/ismevent-api/actions/secrets/public-key 404
[debug] [2022-02-28T06:34:20.254Z] <<< [apiv2][body] GET https://api.github.com/repos/https://github.com/ijaz-sarwar/ismevent-api/actions/secrets/public-key {"message":"Not Found","documentation_url":"https://docs.github.com/rest"}
[debug] [2022-02-28T06:34:32.962Z] ----------------------------------------------------------------------
[debug] [2022-02-28T06:34:32.968Z] Command:       C:\Program Files\nodejs\node.exe C:\Users\developer\AppData\Roaming\npm\node_modules\firebase-tools\lib\bin\firebase.js init
[debug] [2022-02-28T06:34:32.969Z] CLI Version:   10.2.1
[debug] [2022-02-28T06:34:32.969Z] Platform:      win32
[debug] [2022-02-28T06:34:32.969Z] Node Version:  v14.17.3
[debug] [2022-02-28T06:34:32.971Z] Time:          Mon Feb 28 2022 11:34:32 GMT+0500 (Pakistan Standard Time)
[debug] [2022-02-28T06:34:32.972Z] ----------------------------------------------------------------------
[debug] 
[debug] [2022-02-28T06:34:32.987Z] > command requires scopes: ["email","openid","https://www.googleapis.com/auth/cloudplatformprojects.readonly","https://www.googleapis.com/auth/firebase","https://www.googleapis.com/auth/cloud-platform"]
[debug] [2022-02-28T06:34:32.987Z] > authorizing via signed-in user (ijazchaudhry5244@gmail.com)
[info] 
     ######## #### ########  ######## ########     ###     ######  ########
     ##        ##  ##     ## ##       ##     ##  ##   ##  ##       ##
     ######    ##  ########  ######   ########  #########  ######  ######
     ##        ##  ##    ##  ##       ##     ## ##     ##       ## ##
     ##       #### ##     ## ######## ########  ##     ##  ######  ########

You're about to initialize a Firebase project in this directory:

  E:\project\simevent

[info] 
=== Project Setup
[info] 
[info] First, let's associate this project directory with a Firebase project.
[info] You can create multiple project aliases by running firebase use --add, 
[info] but for now we'll just set up a default project.
[info] 
[debug] [2022-02-28T06:34:55.603Z] >>> [apiv2][query] GET https://firebase.googleapis.com/v1beta1/projects pageSize=100
[debug] [2022-02-28T06:34:56.990Z] <<< [apiv2][status] GET https://firebase.googleapis.com/v1beta1/projects 200
[debug] [2022-02-28T06:34:56.990Z] <<< [apiv2][body] GET https://firebase.googleapis.com/v1beta1/projects [omitted]
[info] i  Using project ismevent-731fe (ismevent) 
[info] 
=== Hosting Setup
[info] 
[info] Your public directory is the folder (relative to your project directory) that
[info] will contain Hosting assets to be uploaded with firebase deploy. If you
[info] have a build process for your assets, use your build's output directory.
[info] 
[debug] [2022-02-28T06:35:39.250Z] >>> [apiv2][query] GET https://www.gstatic.com/firebasejs/releases.json [none]
[debug] [2022-02-28T06:35:39.600Z] <<< [apiv2][status] GET https://www.gstatic.com/firebasejs/releases.json 200
[debug] [2022-02-28T06:35:39.600Z] <<< [apiv2][body] GET https://www.gstatic.com/firebasejs/releases.json {"current":{"version":"9.6.7","browserURL":"https://www.gstatic.com/firebasejs/9.6.7/firebase.js","packageURL":"https://www.gstatic.com/firebasejs/9.6.7/firebase.tgz"},"live":{"version":"9.6","browserURL":"https://www.gstatic.com/firebasejs/live/9.6/firebase.js","packageURL":"https://www.gstatic.com/firebasejs/live/9.6/firebase.tgz"},"components":{"analytics":"https://www.gstatic.com/firebasejs/9.6.7/firebase-analytics.js","app":"https://www.gstatic.com/firebasejs/9.6.7/firebase-app.js","app-check":"https://www.gstatic.com/firebasejs/9.6.7/firebase-app-check.js","auth":"https://www.gstatic.com/firebasejs/9.6.7/firebase-auth.js","auth/cordova":"https://www.gstatic.com/firebasejs/9.6.7/firebase-auth/cordova.js","auth/react-native":"https://www.gstatic.com/firebasejs/9.6.7/firebase-auth/react-native.js","functions":"https://www.gstatic.com/firebasejs/9.6.7/firebase-functions.js","firestore":"https://www.gstatic.com/firebasejs/9.6.7/firebase-firestore.js","firestore/lite":"https://www.gstatic.com/firebasejs/9.6.7/firebase-firestore/lite.js","storage":"https://www.gstatic.com/firebasejs/9.6.7/firebase-storage.js","performance":"https://www.gstatic.com/firebasejs/9.6.7/firebase-performance.js","remote-config":"https://www.gstatic.com/firebasejs/9.6.7/firebase-remote-config.js","messaging":"https://www.gstatic.com/firebasejs/9.6.7/firebase-messaging.js","messaging/sw":"https://www.gstatic.com/firebasejs/9.6.7/firebase-messaging/sw.js","database":"https://www.gstatic.com/firebasejs/9.6.7/firebase-database.js","firestore.memory":"https://www.gstatic.com/firebasejs/9.6.7/firebase-firestore.memory.js"}}
[info] +  Wrote public/index.html 
[info] 
[info] i  Detected a .git folder at E:\project\simevent 
[info] i  Authorizing with GitHub to upload your service account to a GitHub repository's secrets store. 
[info] 
[info] Visit this URL on this device to log in:
[info] https://github.com/login/oauth/authorize?client_id=89cf50f02ac6aaed3484&state=339939230&redirect_uri=http%3A%2F%2Flocalhost%3A9005&scope=read%3Auser%20repo%20public_repo
[info] 
[info] Waiting for authentication...
[debug] [2022-02-28T06:35:46.721Z] >>> HTTP REQUEST POST https://github.com/login/oauth/access_token  
 {"client_id":"89cf50f02ac6aaed3484","client_secret":"3330d14abc895d9a74d5f17cd7a00711fa2c5bf0","code":"ab929feec198d95fe5d5","redirect_uri":"http://localhost:9005","state":"339939230"}
[debug] [2022-02-28T06:35:47.480Z] <<< HTTP RESPONSE 200 {"server":"GitHub.com","date":"Mon, 28 Feb 2022 06:36:29 GMT","content-type":"application/json; charset=utf-8","transfer-encoding":"chunked","vary":"X-PJAX, X-PJAX-Container, Accept-Encoding, Accept, X-Requested-With","permissions-policy":"interest-cohort=()","etag":"W/\"03d230f2ab3feb97de1a99126e47d010\"","cache-control":"max-age=0, private, must-revalidate","strict-transport-security":"max-age=31536000; includeSubdomains; preload","x-frame-options":"deny","x-content-type-options":"nosniff","x-xss-protection":"0","referrer-policy":"origin-when-cross-origin, strict-origin-when-cross-origin","expect-ct":"max-age=2592000, report-uri=\"https://api.github.com/_private/browser/errors\"","content-security-policy":"default-src 'none'; base-uri 'self'; block-all-mixed-content; child-src github.com/assets-cdn/worker/ gist.github.com/assets-cdn/worker/; connect-src 'self' uploads.github.com objects-origin.githubusercontent.com www.githubstatus.com collector.githubapp.com collector.github.com api.github.com github-cloud.s3.amazonaws.com github-production-repository-file-5c1aeb.s3.amazonaws.com github-production-upload-manifest-file-7fdce7.s3.amazonaws.com github-production-user-asset-6210df.s3.amazonaws.com cdn.optimizely.com logx.optimizely.com/v1/events translator.github.com wss://alive.github.com; font-src github.githubassets.com; form-action 'self' github.com gist.github.com objects-origin.githubusercontent.com; frame-ancestors 'none'; frame-src render.githubusercontent.com viewscreen.githubusercontent.com notebooks.githubusercontent.com; img-src 'self' data: github.githubassets.com identicons.github.com collector.githubapp.com collector.github.com github-cloud.s3.amazonaws.com secured-user-images.githubusercontent.com/ *.githubusercontent.com; manifest-src 'self'; media-src github.com user-images.githubusercontent.com/; script-src github.githubassets.com; style-src 'unsafe-inline' github.githubassets.com; worker-src github.com/assets-cdn/worker/ gist.github.com/assets-cdn/worker/","x-github-request-id":"F93C:1D52:129FB54:15B26AC:621C6D6D"}
[debug] [2022-02-28T06:35:47.489Z] >>> [apiv2][query] GET https://api.github.com/user [none]
[debug] [2022-02-28T06:35:48.258Z] <<< [apiv2][status] GET https://api.github.com/user 200
[debug] [2022-02-28T06:35:48.258Z] <<< [apiv2][body] GET https://api.github.com/user {"login":"ijaz-sarwar","id":60298450,"node_id":"MDQ6VXNlcjYwMjk4NDUw","avatar_url":"https://avatars.githubusercontent.com/u/60298450?v=4","gravatar_id":"","url":"https://api.github.com/users/ijaz-sarwar","html_url":"https://github.com/ijaz-sarwar","followers_url":"https://api.github.com/users/ijaz-sarwar/followers","following_url":"https://api.github.com/users/ijaz-sarwar/following{/other_user}","gists_url":"https://api.github.com/users/ijaz-sarwar/gists{/gist_id}","starred_url":"https://api.github.com/users/ijaz-sarwar/starred{/owner}{/repo}","subscriptions_url":"https://api.github.com/users/ijaz-sarwar/subscriptions","organizations_url":"https://api.github.com/users/ijaz-sarwar/orgs","repos_url":"https://api.github.com/users/ijaz-sarwar/repos","events_url":"https://api.github.com/users/ijaz-sarwar/events{/privacy}","received_events_url":"https://api.github.com/users/ijaz-sarwar/received_events","type":"User","site_admin":false,"name":"ijaz sarwar","company":"VirtualRecuritmentDays","blog":"","location":"lahore punjab pakistan","email":null,"hireable":null,"bio":null,"twitter_username":null,"public_repos":33,"public_gists":0,"followers":3,"following":3,"created_at":"2020-01-25T18:08:34Z","updated_at":"2021-12-17T12:28:03Z","private_gists":0,"total_private_repos":2,"owned_private_repos":2,"disk_usage":220471,"collaborators":3,"two_factor_authentication":false,"plan":{"name":"free","space":976562499,"collaborators":0,"private_repos":10000}}
[info] 
[info] +  Success! Logged into GitHub as ijaz-sarwar 
[info] 
[debug] [2022-02-28T06:36:23.496Z] >>> [apiv2][query] GET https://api.github.com/repos/ijaz-sarwar/actions/secrets/public-key type=owner
[debug] [2022-02-28T06:36:23.499Z] >>> [apiv2][query] GET https://api.github.com/repos///actions/secrets/public-key type=owner
[debug] [2022-02-28T06:36:24.026Z] <<< [apiv2][status] GET https://api.github.com/repos///actions/secrets/public-key 404
[debug] [2022-02-28T06:36:24.026Z] <<< [apiv2][body] GET https://api.github.com/repos///actions/secrets/public-key {"message":"Not Found","documentation_url":"https://docs.github.com/rest"}
[debug] [2022-02-28T06:36:24.062Z] <<< [apiv2][status] GET https://api.github.com/repos/ijaz-sarwar/actions/secrets/public-key 404
[debug] [2022-02-28T06:36:24.062Z] <<< [apiv2][body] GET https://api.github.com/repos/ijaz-sarwar/actions/secrets/public-key {"message":"Not Found","documentation_url":"https://docs.github.com/rest"}
[debug] [2022-02-28T06:36:45.984Z] >>> [apiv2][query] GET https://api.github.com/repos/ijaz-sarwar/actions/secrets/public-key type=owner
[debug] [2022-02-28T06:36:45.987Z] >>> [apiv2][query] GET https://api.github.com/repos///actions/secrets/public-key type=owner
[debug] [2022-02-28T06:36:46.497Z] <<< [apiv2][status] GET https://api.github.com/repos/ijaz-sarwar/actions/secrets/public-key 404
[debug] [2022-02-28T06:36:46.497Z] <<< [apiv2][body] GET https://api.github.com/repos/ijaz-sarwar/actions/secrets/public-key {"message":"Not Found","documentation_url":"https://docs.github.com/rest"}
[debug] [2022-02-28T06:36:46.511Z] <<< [apiv2][status] GET https://api.github.com/repos///actions/secrets/public-key 404
[debug] [2022-02-28T06:36:46.511Z] <<< [apiv2][body] GET https://api.github.com/repos///actions/secrets/public-key {"message":"Not Found","documentation_url":"https://docs.github.com/rest"}
[debug] [2022-02-28T06:36:46.867Z] >>> [apiv2][query] GET https://api.github.com/repos/ismevent-apiijaz-sarwar/ijaz-sarwar/actions/secrets/public-key type=owner
[debug] [2022-02-28T06:36:46.869Z] >>> [apiv2][query] GET https://api.github.com/repos///actions/secrets/public-key type=owner
[debug] [2022-02-28T06:36:47.376Z] <<< [apiv2][status] GET https://api.github.com/repos/ismevent-apiijaz-sarwar/ijaz-sarwar/actions/secrets/public-key 404
[debug] [2022-02-28T06:36:47.376Z] <<< [apiv2][body] GET https://api.github.com/repos/ismevent-apiijaz-sarwar/ijaz-sarwar/actions/secrets/public-key {"message":"Not Found","documentation_url":"https://docs.github.com/rest/reference/actions#get-a-repository-public-key"}
[debug] [2022-02-28T06:36:47.433Z] <<< [apiv2][status] GET https://api.github.com/repos///actions/secrets/public-key 404
[debug] [2022-02-28T06:36:47.433Z] <<< [apiv2][body] GET https://api.github.com/repos///actions/secrets/public-key {"message":"Not Found","documentation_url":"https://docs.github.com/rest"}
